[0.182s] DEBUG:colcon:Command line arguments: ['/usr/bin/colcon', 'build', '--symlink-install']
[0.182s] DEBUG:colcon:Parsed command line arguments: Namespace(log_base=None, log_level=None, verb_name='build', build_base='build', install_base='install', merge_install=False, symlink_install=True, test_result_base=None, continue_on_error=False, executor='parallel', parallel_workers=4, event_handlers=None, ignore_user_meta=False, metas=['./colcon.meta'], base_paths=['.'], packages_ignore=None, packages_ignore_regex=None, paths=None, packages_up_to=None, packages_up_to_regex=None, packages_above=None, packages_above_and_dependencies=None, packages_above_depth=None, packages_select_by_dep=None, packages_skip_by_dep=None, packages_skip_up_to=None, packages_select_build_failed=False, packages_skip_build_finished=False, packages_select_test_failures=False, packages_skip_test_passed=False, packages_select=None, packages_skip=None, packages_select_regex=None, packages_skip_regex=None, packages_start=None, packages_end=None, allow_overriding=[], cmake_args=None, cmake_target=None, cmake_target_skip_unavailable=False, cmake_clean_cache=False, cmake_clean_first=False, cmake_force_configure=False, ament_cmake_args=None, catkin_cmake_args=None, catkin_skip_building_tests=False, verb_parser=<colcon_defaults.argument_parser.defaults.DefaultArgumentsDecorator object at 0x7fa2858ebaf0>, verb_extension=<colcon_core.verb.build.BuildVerb object at 0x7fa2858eb5b0>, main=<bound method BuildVerb.main of <colcon_core.verb.build.BuildVerb object at 0x7fa2858eb5b0>>)
[0.379s] Level 1:colcon.colcon_core.package_discovery:discover_packages(colcon_meta) check parameters
[0.379s] Level 1:colcon.colcon_core.package_discovery:discover_packages(recursive) check parameters
[0.379s] Level 1:colcon.colcon_core.package_discovery:discover_packages(ignore) check parameters
[0.379s] Level 1:colcon.colcon_core.package_discovery:discover_packages(path) check parameters
[0.379s] Level 1:colcon.colcon_core.package_discovery:discover_packages(colcon_meta) discover
[0.379s] Level 1:colcon.colcon_core.package_discovery:discover_packages(recursive) discover
[0.379s] INFO:colcon.colcon_core.package_discovery:Crawling recursively for packages in '/home/vardan/Gears/ros2_ws'
[0.379s] Level 1:colcon.colcon_core.package_identification:_identify(.) by extensions ['ignore', 'ignore_ament_install']
[0.379s] Level 1:colcon.colcon_core.package_identification:_identify(.) by extension 'ignore'
[0.380s] Level 1:colcon.colcon_core.package_identification:_identify(.) by extension 'ignore_ament_install'
[0.380s] Level 1:colcon.colcon_core.package_identification:_identify(.) by extensions ['colcon_pkg']
[0.380s] Level 1:colcon.colcon_core.package_identification:_identify(.) by extension 'colcon_pkg'
[0.380s] Level 1:colcon.colcon_core.package_identification:_identify(.) by extensions ['colcon_meta']
[0.380s] Level 1:colcon.colcon_core.package_identification:_identify(.) by extension 'colcon_meta'
[0.380s] Level 1:colcon.colcon_core.package_identification:_identify(.) by extensions ['ros']
[0.380s] Level 1:colcon.colcon_core.package_identification:_identify(.) by extension 'ros'
[0.396s] Level 1:colcon.colcon_core.package_identification:_identify(.) by extensions ['cmake', 'python']
[0.397s] Level 1:colcon.colcon_core.package_identification:_identify(.) by extension 'cmake'
[0.397s] Level 1:colcon.colcon_core.package_identification:_identify(.) by extension 'python'
[0.397s] Level 1:colcon.colcon_core.package_identification:_identify(.) by extensions ['python_setup_py']
[0.397s] Level 1:colcon.colcon_core.package_identification:_identify(.) by extension 'python_setup_py'
[0.397s] Level 1:colcon.colcon_core.package_identification:_identify(build) by extensions ['ignore', 'ignore_ament_install']
[0.397s] Level 1:colcon.colcon_core.package_identification:_identify(build) by extension 'ignore'
[0.397s] Level 1:colcon.colcon_core.package_identification:_identify(build) ignored
[0.397s] Level 1:colcon.colcon_core.package_identification:_identify(install) by extensions ['ignore', 'ignore_ament_install']
[0.398s] Level 1:colcon.colcon_core.package_identification:_identify(install) by extension 'ignore'
[0.398s] Level 1:colcon.colcon_core.package_identification:_identify(install) ignored
[0.398s] Level 1:colcon.colcon_core.package_identification:_identify(log) by extensions ['ignore', 'ignore_ament_install']
[0.398s] Level 1:colcon.colcon_core.package_identification:_identify(log) by extension 'ignore'
[0.398s] Level 1:colcon.colcon_core.package_identification:_identify(log) ignored
[0.398s] Level 1:colcon.colcon_core.package_identification:_identify(src) by extensions ['ignore', 'ignore_ament_install']
[0.398s] Level 1:colcon.colcon_core.package_identification:_identify(src) by extension 'ignore'
[0.398s] Level 1:colcon.colcon_core.package_identification:_identify(src) by extension 'ignore_ament_install'
[0.398s] Level 1:colcon.colcon_core.package_identification:_identify(src) by extensions ['colcon_pkg']
[0.398s] Level 1:colcon.colcon_core.package_identification:_identify(src) by extension 'colcon_pkg'
[0.399s] Level 1:colcon.colcon_core.package_identification:_identify(src) by extensions ['colcon_meta']
[0.399s] Level 1:colcon.colcon_core.package_identification:_identify(src) by extension 'colcon_meta'
[0.399s] Level 1:colcon.colcon_core.package_identification:_identify(src) by extensions ['ros']
[0.399s] Level 1:colcon.colcon_core.package_identification:_identify(src) by extension 'ros'
[0.399s] Level 1:colcon.colcon_core.package_identification:_identify(src) by extensions ['cmake', 'python']
[0.399s] Level 1:colcon.colcon_core.package_identification:_identify(src) by extension 'cmake'
[0.399s] Level 1:colcon.colcon_core.package_identification:_identify(src) by extension 'python'
[0.399s] Level 1:colcon.colcon_core.package_identification:_identify(src) by extensions ['python_setup_py']
[0.399s] Level 1:colcon.colcon_core.package_identification:_identify(src) by extension 'python_setup_py'
[0.399s] Level 1:colcon.colcon_core.package_identification:_identify(src/encoders_plotter) by extensions ['ignore', 'ignore_ament_install']
[0.399s] Level 1:colcon.colcon_core.package_identification:_identify(src/encoders_plotter) by extension 'ignore'
[0.399s] Level 1:colcon.colcon_core.package_identification:_identify(src/encoders_plotter) by extension 'ignore_ament_install'
[0.400s] Level 1:colcon.colcon_core.package_identification:_identify(src/encoders_plotter) by extensions ['colcon_pkg']
[0.400s] Level 1:colcon.colcon_core.package_identification:_identify(src/encoders_plotter) by extension 'colcon_pkg'
[0.400s] Level 1:colcon.colcon_core.package_identification:_identify(src/encoders_plotter) by extensions ['colcon_meta']
[0.400s] Level 1:colcon.colcon_core.package_identification:_identify(src/encoders_plotter) by extension 'colcon_meta'
[0.400s] Level 1:colcon.colcon_core.package_identification:_identify(src/encoders_plotter) by extensions ['ros']
[0.400s] Level 1:colcon.colcon_core.package_identification:_identify(src/encoders_plotter) by extension 'ros'
[0.406s] DEBUG:colcon.colcon_core.package_identification:Package 'src/encoders_plotter' with type 'ros.ament_python' and name 'encoders_plotter'
[0.407s] Level 1:colcon.colcon_core.package_discovery:discover_packages(recursive) using defaults
[0.407s] Level 1:colcon.colcon_core.package_discovery:discover_packages(ignore) discover
[0.407s] Level 1:colcon.colcon_core.package_discovery:discover_packages(ignore) using defaults
[0.407s] Level 1:colcon.colcon_core.package_discovery:discover_packages(path) discover
[0.407s] Level 1:colcon.colcon_core.package_discovery:discover_packages(path) using defaults
[0.431s] Level 1:colcon.colcon_core.package_discovery:discover_packages(prefix_path) check parameters
[0.431s] Level 1:colcon.colcon_core.package_discovery:discover_packages(prefix_path) discover
[0.433s] DEBUG:colcon.colcon_installed_package_information.package_discovery:Found 1 installed packages in /home/vardan/surveillance-swarm/code/ros2_wk/install
[0.435s] DEBUG:colcon.colcon_installed_package_information.package_discovery:Found 282 installed packages in /opt/ros/humble
[0.436s] Level 1:colcon.colcon_core.package_discovery:discover_packages(prefix_path) using defaults
[0.503s] Level 5:colcon.colcon_core.verb:set package 'encoders_plotter' build argument 'cmake_args' from command line to 'None'
[0.504s] Level 5:colcon.colcon_core.verb:set package 'encoders_plotter' build argument 'cmake_target' from command line to 'None'
[0.504s] Level 5:colcon.colcon_core.verb:set package 'encoders_plotter' build argument 'cmake_target_skip_unavailable' from command line to 'False'
[0.504s] Level 5:colcon.colcon_core.verb:set package 'encoders_plotter' build argument 'cmake_clean_cache' from command line to 'False'
[0.504s] Level 5:colcon.colcon_core.verb:set package 'encoders_plotter' build argument 'cmake_clean_first' from command line to 'False'
[0.504s] Level 5:colcon.colcon_core.verb:set package 'encoders_plotter' build argument 'cmake_force_configure' from command line to 'False'
[0.504s] Level 5:colcon.colcon_core.verb:set package 'encoders_plotter' build argument 'ament_cmake_args' from command line to 'None'
[0.504s] Level 5:colcon.colcon_core.verb:set package 'encoders_plotter' build argument 'catkin_cmake_args' from command line to 'None'
[0.504s] Level 5:colcon.colcon_core.verb:set package 'encoders_plotter' build argument 'catkin_skip_building_tests' from command line to 'False'
[0.504s] DEBUG:colcon.colcon_core.verb:Building package 'encoders_plotter' with the following arguments: {'ament_cmake_args': None, 'build_base': '/home/vardan/Gears/ros2_ws/build/encoders_plotter', 'catkin_cmake_args': None, 'catkin_skip_building_tests': False, 'cmake_args': None, 'cmake_clean_cache': False, 'cmake_clean_first': False, 'cmake_force_configure': False, 'cmake_target': None, 'cmake_target_skip_unavailable': False, 'install_base': '/home/vardan/Gears/ros2_ws/install/encoders_plotter', 'merge_install': False, 'path': '/home/vardan/Gears/ros2_ws/src/encoders_plotter', 'symlink_install': True, 'test_result_base': None}
[0.504s] INFO:colcon.colcon_core.executor:Executing jobs using 'parallel' executor
[0.506s] DEBUG:colcon.colcon_parallel_executor.executor.parallel:run_until_complete
[0.507s] INFO:colcon.colcon_ros.task.ament_python.build:Building ROS package in '/home/vardan/Gears/ros2_ws/src/encoders_plotter' with build type 'ament_python'
[0.507s] Level 1:colcon.colcon_core.shell:create_environment_hook('encoders_plotter', 'ament_prefix_path')
[0.513s] INFO:colcon.colcon_core.plugin_system:Skipping extension 'colcon_core.shell.bat': Not used on non-Windows systems
[0.514s] INFO:colcon.colcon_core.shell:Creating environment hook '/home/vardan/Gears/ros2_ws/install/encoders_plotter/share/encoders_plotter/hook/ament_prefix_path.ps1'
[0.521s] INFO:colcon.colcon_core.shell:Creating environment descriptor '/home/vardan/Gears/ros2_ws/install/encoders_plotter/share/encoders_plotter/hook/ament_prefix_path.dsv'
[0.532s] INFO:colcon.colcon_core.shell:Creating environment hook '/home/vardan/Gears/ros2_ws/install/encoders_plotter/share/encoders_plotter/hook/ament_prefix_path.sh'
[0.536s] INFO:colcon.colcon_core.shell:Skip shell extension 'powershell' for command environment: Not usable outside of PowerShell
[0.537s] DEBUG:colcon.colcon_core.shell:Skip shell extension 'dsv' for command environment
[0.892s] INFO:colcon.colcon_core.task.python.build:Building Python package in '/home/vardan/Gears/ros2_ws/src/encoders_plotter'
[0.893s] INFO:colcon.colcon_core.shell:Skip shell extension 'powershell' for command environment: Not usable outside of PowerShell
[0.893s] DEBUG:colcon.colcon_core.shell:Skip shell extension 'dsv' for command environment
[1.424s] DEBUG:colcon.colcon_core.event_handler.log_command:Invoking command in '/home/vardan/Gears/ros2_ws/build/encoders_plotter': PYTHONPATH=/home/vardan/Gears/ros2_ws/build/encoders_plotter/prefix_override:/home/vardan/Gears/ros2_ws/install/encoders_plotter/lib/python3.10/site-packages:${PYTHONPATH} /usr/bin/python3 -W ignore:setup.py install is deprecated setup.py develop --editable --build-directory /home/vardan/Gears/ros2_ws/build/encoders_plotter/build --no-deps symlink_data
[2.002s] Level 1:colcon.colcon_core.shell:create_environment_hook('encoders_plotter', 'pythonpath_develop')
[2.002s] INFO:colcon.colcon_core.shell:Creating environment hook '/home/vardan/Gears/ros2_ws/build/encoders_plotter/share/encoders_plotter/hook/pythonpath_develop.ps1'
[2.003s] DEBUG:colcon.colcon_core.event_handler.log_command:Invoked command in '/home/vardan/Gears/ros2_ws/build/encoders_plotter' returned '0': PYTHONPATH=/home/vardan/Gears/ros2_ws/build/encoders_plotter/prefix_override:/home/vardan/Gears/ros2_ws/install/encoders_plotter/lib/python3.10/site-packages:${PYTHONPATH} /usr/bin/python3 -W ignore:setup.py install is deprecated setup.py develop --editable --build-directory /home/vardan/Gears/ros2_ws/build/encoders_plotter/build --no-deps symlink_data
[2.004s] INFO:colcon.colcon_core.shell:Creating environment descriptor '/home/vardan/Gears/ros2_ws/build/encoders_plotter/share/encoders_plotter/hook/pythonpath_develop.dsv'
[2.005s] INFO:colcon.colcon_core.shell:Creating environment hook '/home/vardan/Gears/ros2_ws/build/encoders_plotter/share/encoders_plotter/hook/pythonpath_develop.sh'
[2.017s] Level 1:colcon.colcon_core.environment:checking '/home/vardan/Gears/ros2_ws/install/encoders_plotter' for CMake module files
[2.018s] Level 1:colcon.colcon_core.environment:checking '/home/vardan/Gears/ros2_ws/install/encoders_plotter' for CMake config files
[2.019s] Level 1:colcon.colcon_core.environment:checking '/home/vardan/Gears/ros2_ws/install/encoders_plotter/lib'
[2.019s] Level 1:colcon.colcon_core.environment:checking '/home/vardan/Gears/ros2_ws/install/encoders_plotter/bin'
[2.019s] Level 1:colcon.colcon_core.environment:checking '/home/vardan/Gears/ros2_ws/install/encoders_plotter/lib/pkgconfig/encoders_plotter.pc'
[2.020s] Level 1:colcon.colcon_core.environment:checking '/home/vardan/Gears/ros2_ws/install/encoders_plotter/lib/python3.10/site-packages'
[2.020s] Level 1:colcon.colcon_core.shell:create_environment_hook('encoders_plotter', 'pythonpath')
[2.021s] INFO:colcon.colcon_core.shell:Creating environment hook '/home/vardan/Gears/ros2_ws/install/encoders_plotter/share/encoders_plotter/hook/pythonpath.ps1'
[2.022s] INFO:colcon.colcon_core.shell:Creating environment descriptor '/home/vardan/Gears/ros2_ws/install/encoders_plotter/share/encoders_plotter/hook/pythonpath.dsv'
[2.023s] INFO:colcon.colcon_core.shell:Creating environment hook '/home/vardan/Gears/ros2_ws/install/encoders_plotter/share/encoders_plotter/hook/pythonpath.sh'
[2.024s] Level 1:colcon.colcon_core.environment:checking '/home/vardan/Gears/ros2_ws/install/encoders_plotter/bin'
[2.024s] Level 1:colcon.colcon_core.environment:create_environment_scripts_only(encoders_plotter)
[2.025s] INFO:colcon.colcon_core.shell:Creating package script '/home/vardan/Gears/ros2_ws/install/encoders_plotter/share/encoders_plotter/package.ps1'
[2.027s] INFO:colcon.colcon_core.shell:Creating package descriptor '/home/vardan/Gears/ros2_ws/install/encoders_plotter/share/encoders_plotter/package.dsv'
[2.030s] INFO:colcon.colcon_core.shell:Creating package script '/home/vardan/Gears/ros2_ws/install/encoders_plotter/share/encoders_plotter/package.sh'
[2.032s] INFO:colcon.colcon_core.shell:Creating package script '/home/vardan/Gears/ros2_ws/install/encoders_plotter/share/encoders_plotter/package.bash'
[2.034s] INFO:colcon.colcon_core.shell:Creating package script '/home/vardan/Gears/ros2_ws/install/encoders_plotter/share/encoders_plotter/package.zsh'
[2.036s] Level 1:colcon.colcon_core.environment:create_file_with_runtime_dependencies(/home/vardan/Gears/ros2_ws/install/encoders_plotter/share/colcon-core/packages/encoders_plotter)
[2.038s] DEBUG:colcon.colcon_parallel_executor.executor.parallel:closing loop
[2.039s] DEBUG:colcon.colcon_parallel_executor.executor.parallel:loop closed
[2.039s] DEBUG:colcon.colcon_parallel_executor.executor.parallel:run_until_complete finished with '0'
[2.039s] DEBUG:colcon.colcon_core.event_reactor:joining thread
[2.080s] INFO:colcon.colcon_core.plugin_system:Skipping extension 'colcon_notification.desktop_notification.notify_send': Could not find 'notify-send'
[2.081s] INFO:colcon.colcon_core.plugin_system:Skipping extension 'colcon_notification.desktop_notification.terminal_notifier': Not used on non-Darwin systems
[2.081s] INFO:colcon.colcon_core.plugin_system:Skipping extension 'colcon_notification.desktop_notification.win32': Not used on non-Windows systems
[2.081s] INFO:colcon.colcon_notification.desktop_notification:Sending desktop notification using 'notify2'
[2.081s] DEBUG:colcon.colcon_notification.desktop_notification.notify2:Failed to initialize notify2: org.freedesktop.DBus.Error.FileNotFound: Failed to connect to socket /run/user/1000/bus: No such file or directory
[2.081s] DEBUG:colcon.colcon_core.event_reactor:joined thread
[2.082s] INFO:colcon.colcon_core.shell:Creating prefix script '/home/vardan/Gears/ros2_ws/install/local_setup.ps1'
[2.083s] INFO:colcon.colcon_core.shell:Creating prefix util module '/home/vardan/Gears/ros2_ws/install/_local_setup_util_ps1.py'
[2.085s] INFO:colcon.colcon_core.shell:Creating prefix chain script '/home/vardan/Gears/ros2_ws/install/setup.ps1'
[2.088s] INFO:colcon.colcon_core.shell:Creating prefix script '/home/vardan/Gears/ros2_ws/install/local_setup.sh'
[2.090s] INFO:colcon.colcon_core.shell:Creating prefix util module '/home/vardan/Gears/ros2_ws/install/_local_setup_util_sh.py'
[2.091s] INFO:colcon.colcon_core.shell:Creating prefix chain script '/home/vardan/Gears/ros2_ws/install/setup.sh'
[2.093s] INFO:colcon.colcon_core.shell:Creating prefix script '/home/vardan/Gears/ros2_ws/install/local_setup.bash'
[2.094s] INFO:colcon.colcon_core.shell:Creating prefix chain script '/home/vardan/Gears/ros2_ws/install/setup.bash'
[2.095s] INFO:colcon.colcon_core.shell:Creating prefix script '/home/vardan/Gears/ros2_ws/install/local_setup.zsh'
[2.096s] INFO:colcon.colcon_core.shell:Creating prefix chain script '/home/vardan/Gears/ros2_ws/install/setup.zsh'
